** Message: 15:59:48.857: environement.vala:58: Exporting primary_variable
** Message: 15:59:48.858: environement.vala:59: desktop_environnement XDG_CURRENT_DESKTOP
** Message: 15:59:48.858: environement.vala:150: confir_dirs is null, export : /etc/xdg
** Message: 15:59:48.858: environement.vala:184: Exporting XDG_CONFIG_DIRS
** Message: 15:59:48.859: environement.vala:218: custom_data :
** Message: 15:59:48.859: environement.vala:219: data_dirs :/usr/local/share:/usr/share/raspi-ui-overrides:/usr/share:/usr/share/gdm:/var/lib/menu-xdg
** Message: 15:59:48.859: environement.vala:220: data_dirs not null, export : /usr/local/share:/usr/share/raspi-ui-overrides:/usr/share:/usr/share/gdm:/var/lib/menu-xdg
** Message: 15:59:48.859: environement.vala:225: Exporting XDG_DATA_DIRS
** Message: 15:59:48.861: utils.vala:138: Config system location : /etc/xdg/lxsession/LXDE-pi
** Message: 15:59:48.907: utils.vala:144: System system path location : /etc/xdg/lxsession/LXDE-pi/desktop.conf
** Message: 15:59:48.907: utils.vala:148: Final file used : /etc/xdg/lxsession/LXDE-pi/desktop.conf
** Message: 15:59:48.908: utils.vala:39: Config system location : /etc/xdg/lxsession/LXDE-pi
** Message: 15:59:48.908: utils.vala:45: System system path location : /etc/xdg/lxsession/LXDE-pi/desktop.conf

** (lxsession:519): WARNING **: 15:59:48.912: utils.vala:70: No existe el fichero o el directorio
** Message: 15:59:48.913: settings.vala:540: El archivo de claves no tiene la clave «iGtk/ColorScheme» en el grupo «GTK»
** Message: 15:59:48.913: settings.vala:540: El archivo de claves no tiene la clave «windows_manager/command» en el grupo «Session»
** Message: 15:59:48.914: settings.vala:540: El archivo de claves no tiene la clave «panel/command» en el grupo «Session»
** Message: 15:59:48.914: settings.vala:540: El archivo de claves no tiene la clave «dock/command» en el grupo «Session»
** Message: 15:59:48.914: settings.vala:540: El archivo de claves no tiene la clave «file_manager/command» en el grupo «Session»
** Message: 15:59:48.915: settings.vala:540: El archivo de claves no tiene la clave «desktop_manager/command» en el grupo «Session»
** Message: 15:59:48.915: settings.vala:540: El archivo de claves no tiene la clave «launcher_manager/autostart» en el grupo «Session»
** Message: 15:59:48.915: settings.vala:540: El archivo de claves no tiene la clave «composite_manager/command» en el grupo «Session»
** Message: 15:59:48.916: settings.vala:540: El archivo de claves no tiene la clave «im1/command» en el grupo «Session»
** Message: 15:59:48.916: settings.vala:540: El archivo de claves no tiene la clave «im2/command» en el grupo «Session»
** Message: 15:59:48.937: settings.vala:540: El archivo de claves no tiene la clave «widget1/command» en el grupo «Session»
** Message: 15:59:48.938: settings.vala:540: El archivo de claves no tiene la clave «notification/command» en el grupo «Session»
** Message: 15:59:48.938: settings.vala:540: El archivo de claves no tiene la clave «keybindings/command» en el grupo «Session»
** Message: 15:59:48.938: settings.vala:540: El archivo de claves no tiene la clave «im_manager/command» en el grupo «Session»
** Message: 15:59:48.939: settings.vala:540: El archivo de claves no tiene la clave «screensaver/command» en el grupo «Session»
** Message: 15:59:48.939: settings.vala:540: El archivo de claves no tiene la clave «power_manager/command» en el grupo «Session»
** Message: 15:59:48.940: settings.vala:540: El archivo de claves no tiene la clave «audio_manager/command» en el grupo «Session»
** Message: 15:59:48.940: settings.vala:540: El archivo de claves no tiene la clave «workspace_manager/command» en el grupo «Session»
** Message: 15:59:48.941: settings.vala:540: El archivo de claves no tiene la clave «screenshot_manager/command» en el grupo «Session»
** Message: 15:59:48.941: settings.vala:540: El archivo de claves no tiene la clave «message_manager/command» en el grupo «Session»
** Message: 15:59:48.941: settings.vala:540: El archivo de claves no tiene la clave «upgrade_manager/command» en el grupo «Session»
** Message: 15:59:48.942: settings.vala:540: El archivo de claves no tiene la clave «updates_manager/command» en el grupo «Session»
** Message: 15:59:48.942: settings.vala:540: El archivo de claves no tiene la clave «updates_manager/timeout» en el grupo «Session»
** Message: 15:59:48.943: settings.vala:540: El archivo de claves no tiene la clave «crash_manager/command» en el grupo «Session»
** Message: 15:59:48.943: settings.vala:540: El archivo de claves no tiene la clave «crash_manager/dev_mode» en el grupo «Session»
** Message: 15:59:48.944: settings.vala:540: El archivo de claves no tiene la clave «crash_manager/timeout» en el grupo «Session»
** Message: 15:59:48.944: settings.vala:540: El archivo de claves no tiene la clave «upstart_user_session» en el grupo «Session»
** Message: 15:59:48.945: settings.vala:540: El archivo de claves no tiene la clave «proxy_manager/http» en el grupo «Session»
** Message: 15:59:48.945: settings.vala:540: El archivo de claves no tiene la clave «a11y/command» en el grupo «Session»
** Message: 15:59:48.946: settings.vala:540: El archivo de claves no tiene la clave «xrandr/command» en el grupo «Session»
** Message: 15:59:48.946: settings.vala:540: El archivo de claves no tiene la clave «network_gui/command» en el grupo «Session»
** Message: 15:59:48.997: settings.vala:540: El archivo de claves no tiene la clave «webbrowser/command» en el grupo «Session»
** Message: 15:59:48.997: settings.vala:540: El archivo de claves no tiene la clave «email/command» en el grupo «Session»
** Message: 15:59:48.998: settings.vala:540: El archivo de claves no tiene la clave «pdf_reader/command» en el grupo «Session»
** Message: 15:59:48.998: settings.vala:540: El archivo de claves no tiene la clave «video_player/command» en el grupo «Session»
** Message: 15:59:48.998: settings.vala:540: El archivo de claves no tiene la clave «audio_player/command» en el grupo «Session»
** Message: 15:59:48.999: settings.vala:540: El archivo de claves no tiene la clave «images_display/command» en el grupo «Session»
** Message: 15:59:48.999: settings.vala:540: El archivo de claves no tiene la clave «text_editor/command» en el grupo «Session»
** Message: 15:59:49.000: settings.vala:540: El archivo de claves no tiene la clave «archive/command» en el grupo «Session»
** Message: 15:59:49.000: settings.vala:540: El archivo de claves no tiene la clave «charmap/command» en el grupo «Session»
** Message: 15:59:49.000: settings.vala:540: El archivo de claves no tiene la clave «calculator/command» en el grupo «Session»
** Message: 15:59:49.001: settings.vala:540: El archivo de claves no tiene la clave «spreadsheet/command» en el grupo «Session»
** Message: 15:59:49.001: settings.vala:540: El archivo de claves no tiene la clave «bittorent/command» en el grupo «Session»
** Message: 15:59:49.002: settings.vala:540: El archivo de claves no tiene la clave «document/command» en el grupo «Session»
** Message: 15:59:49.002: settings.vala:540: El archivo de claves no tiene la clave «webcam/command» en el grupo «Session»
** Message: 15:59:49.002: settings.vala:540: El archivo de claves no tiene la clave «burn/command» en el grupo «Session»
** Message: 15:59:49.003: settings.vala:540: El archivo de claves no tiene la clave «notes/command» en el grupo «Session»
** Message: 15:59:49.003: settings.vala:540: El archivo de claves no tiene la clave «disk_utility/command» en el grupo «Session»
** Message: 15:59:49.003: settings.vala:540: El archivo de claves no tiene la clave «tasks/command» en el grupo «Session»
** Message: 15:59:49.004: settings.vala:540: El archivo de claves no tiene el grupo «Keymap»
** Message: 15:59:49.004: settings.vala:540: El archivo de claves no tiene la clave «laptop_mode» en el grupo «State»
** Message: 15:59:49.005: settings.vala:540: El archivo de claves no tiene la clave «gnome» en el grupo «Dbus»
** Message: 15:59:49.005: settings.vala:540: El archivo de claves no tiene la clave «type» en el grupo «Environment»
** Message: 15:59:49.005: settings.vala:540: El archivo de claves no tiene la clave «ubuntu_menuproxy» en el grupo «Environment»
** Message: 15:59:49.006: settings.vala:540: El archivo de claves no tiene la clave «toolkit_integration» en el grupo «Environment»
** Message: 15:59:49.066: settings.vala:540: El archivo de claves no tiene la clave «gtk/overlay_scrollbar_disable» en el grupo «Environment»
** Message: 15:59:49.067: settings.vala:540: El archivo de claves no tiene la clave «qt/force_theme» en el grupo «Environment»
** Message: 15:59:49.067: settings.vala:540: El archivo de claves no tiene la clave «qt/platform» en el grupo «Environment»
** Message: 15:59:49.087: settings.vala:462: Monitoring: /etc/xdg/lxsession/LXDE-pi/desktop.conf
** Message: 15:59:49.087: settings.vala:470: Desktop file is not in config home, monitoring creation of it
** Message: 15:59:49.088: settings.vala:485: Monitoring home path: /home/pi/.config/lxsession/LXDE-pi/desktop.conf
** Message: 15:59:49.089: environement.vala:79: Exporting variable
** Message: 15:59:49.089: environement.vala:80: desktop_environnement XDG_CURRENT_DESKTOP
** Message: 15:59:49.090: environement.vala:177: custom_config :
** Message: 15:59:49.090: environement.vala:178: config_dirs :/etc/xdg
** Message: 15:59:49.090: environement.vala:179: confir_dirs not null, export : /etc/xdg
** Message: 15:59:49.091: environement.vala:184: Exporting XDG_CONFIG_DIRS
** Message: 15:59:49.091: environement.vala:218: custom_data :
** Message: 15:59:49.091: environement.vala:219: data_dirs :/usr/local/share:/usr/share/raspi-ui-overrides:/usr/share:/usr/share/gdm:/var/lib/menu-xdg
** Message: 15:59:49.091: environement.vala:220: data_dirs not null, export : /usr/local/share:/usr/share/raspi-ui-overrides:/usr/share:/usr/share/gdm:/var/lib/menu-xdg
** Message: 15:59:49.092: environement.vala:225: Exporting XDG_DATA_DIRS
** Message: 15:59:49.092: utils.vala:39: Config system location : /etc/xdg/lxsession/LXDE-pi
** Message: 15:59:49.092: utils.vala:45: System system path location : /etc/xdg/lxsession/LXDE-pi/desktop.conf

** (lxsession:519): WARNING **: 15:59:49.094: utils.vala:70: No existe el fichero o el directorio
** Message: 15:59:49.094: environement.vala:254: No entry in [Environment_variable]. El archivo de claves no tiene el grupo «Environment_variable»
** Message: 15:59:49.202: utils.vala:138: Config system location : /etc/xdg/lxsession/LXDE-pi
** Message: 15:59:49.203: utils.vala:144: System system path location : /etc/xdg/lxsession/LXDE-pi/conffiles.conf
** Message: 15:59:49.203: utils.vala:148: Final file used : /etc/xdg/lxsession/LXDE-pi/conffiles.conf
** Message: 15:59:49.204: options.vala:164: Activate xsettings_manager build-in
** Message: 15:59:49.204: utils.vala:39: Config system location : /etc/xdg/lxsession/LXDE-pi
** Message: 15:59:49.204: utils.vala:45: System system path location : /etc/xdg/lxsession/LXDE-pi/desktop.conf

** (lxsession:519): WARNING **: 15:59:49.206: utils.vala:70: No existe el fichero o el directorio
** Message: 15:59:49.667: app.vala:721: polkit separate
** Message: 15:59:49.668: app.vala:721: polkit separate
xprop:  no such property "_NET_NUMBER_OF_DESKTOPS"
xprop:  no such property "_NET_DESKTOP_NAMES"
** Message: 15:59:49.834: app.vala:76: Launching lxpolkit 
** Message: 15:59:49.835: utils.vala:138: Config system location : /etc/xdg/lxsession/LXDE-pi
** Message: 15:59:49.835: utils.vala:144: System system path location : /etc/xdg/lxsession/LXDE-pi/autostart
** Message: 15:59:49.835: utils.vala:148: Final file used : /etc/xdg/lxsession/LXDE-pi/autostart
** Message: 15:59:49.836: autostart.vala:42: Autostart path : /etc/xdg/lxsession/LXDE-pi/autostart
** Message: 15:59:50.033: app.vala:76: Launching lxpanel 
** Message: 15:59:50.247: app.vala:76: Launching pcmanfm 

** (lxsession:519): WARNING **: 15:59:50.472: app.vala:86: Falló al ejecutar el proceso hijo «xscreensaver» (No existe el fichero o el directorio)

** (lxsession:519): WARNING **: 15:59:50.472: app.vala:87: Error when launching xscreensaver
** Message: 15:59:50.659: options.vala:107: Create build-in Clipboard
** Message: 15:59:50.781: main.vala:441: Check keymap_mode (null)
** Message: 15:59:51.065: app.vala:76: Launching /usr/bin/ssh-agent 
SSH_AUTH_SOCK=/tmp/ssh-gY8CUMGn1SPf/agent.627; export SSH_AUTH_SOCK;
SSH_AGENT_PID=631; export SSH_AGENT_PID;
echo Agent pid 631;
** Message: 15:59:54.072: app.vala:130: /usr/bin/ssh-agent exit with this type of exit: 0
** Message: 16:00:04.774: x-terminal-emulator has very limited support, consider choose another terminal
** Message: 16:00:06.548: x-terminal-emulator has very limited support, consider choose another terminal
grep: /home/pi/.config/lxpanel/LXDE-pi/panels/*: No existe el fichero o el directorio
Openbox-Message: No es posible encontrar un archivo de menú "/usr/share/lxde/openbox/menu.xml" válido
** Message: 16:00:26.279: Connecting ...
** Message: 16:00:26.281: Status changed to down
xrandr: Failed to get size of gamma for output default
Unit pt-device-manager.service could not be found.

** (lxpanel:619): WARNING **: 16:00:28.314: Battery 0 not found
** Message: 16:00:28.371: Status changed to opened
** Message: 16:00:28.372: Connected to dhcpcd-8.1.2
** Message: 16:00:28.389: Status changed to connected
** Message: 16:00:28.390: wlan0: Associated with CCNOVAS
** Message: 16:00:28.390: wlan0: Configured 10.18.1.243/24
** Message: 16:00:28.408: wlan0: WPA status connected
** Message: 16:00:28.408: wlan0: Received scan results
** Message: 16:01:26.976: wlan0: Received scan results
** Message: 16:02:26.979: wlan0: Received scan results
** Message: 16:03:26.976: wlan0: Received scan results
** Message: 16:04:26.981: wlan0: Received scan results
